[debug] [2022-12-22T23:29:27.044Z] ----------------------------------------------------------------------
[debug] [2022-12-22T23:29:27.046Z] Command:       C:\Program Files\nodejs\node.exe C:\Users\karin\AppData\Roaming\npm\node_modules\firebase-tools\lib\bin\firebase.js init
[debug] [2022-12-22T23:29:27.047Z] CLI Version:   11.19.0
[debug] [2022-12-22T23:29:27.047Z] Platform:      win32
[debug] [2022-12-22T23:29:27.047Z] Node Version:  v18.9.1
[debug] [2022-12-22T23:29:27.049Z] Time:          Thu Dec 22 2022 20:29:27 GMT-0300 (Argentina Standard Time)
[debug] [2022-12-22T23:29:27.049Z] ----------------------------------------------------------------------
[debug] 
[debug] [2022-12-22T23:29:27.060Z] > command requires scopes: ["email","openid","https://www.googleapis.com/auth/cloudplatformprojects.readonly","https://www.googleapis.com/auth/firebase","https://www.googleapis.com/auth/cloud-platform"]
[debug] [2022-12-22T23:29:27.060Z] > authorizing via signed-in user (karinsudro@gmail.com)
[info] 
     ######## #### ########  ######## ########     ###     ######  ########
     ##        ##  ##     ## ##       ##     ##  ##   ##  ##       ##
     ######    ##  ########  ######   ########  #########  ######  ######
     ##        ##  ##    ##  ##       ##     ## ##     ##       ## ##
     ##       #### ##     ## ######## ########  ##     ##  ######  ########

You're about to initialize a Firebase project in this directory:

  C:\Users\karin\OneDrive\Escritorio\KARIN\portfolio-ksd-angular

[info] 
=== Project Setup
[info] 
[info] First, let's associate this project directory with a Firebase project.
[info] You can create multiple project aliases by running firebase use --add, 
[info] but for now we'll just set up a default project.
[info] 
[debug] [2022-12-22T23:31:23.438Z] >>> [apiv2][query] GET https://firebase.googleapis.com/v1beta1/projects pageSize=100
[debug] [2022-12-22T23:31:24.104Z] <<< [apiv2][status] GET https://firebase.googleapis.com/v1beta1/projects 200
[debug] [2022-12-22T23:31:24.104Z] <<< [apiv2][body] GET https://firebase.googleapis.com/v1beta1/projects [omitted]
[info] i  Using project portfoliokarinsd (PortfolioKarinSD) 
[info] 
=== Hosting Setup
[info] 
[info] Your public directory is the folder (relative to your project directory) that
[info] will contain Hosting assets to be uploaded with firebase deploy. If you
[info] have a build process for your assets, use your build's output directory.
[info] 
